<?xml version="1.0" encoding="UTF-8"?>
<!-- Generated by org.testng.reporters.JUnitXMLReporter -->
<testsuite ignored="0" hostname="PSDLAP385" failures="0" tests="6" name="MagicDriveTestSuite" time="271.326" errors="0" timestamp="2024-12-20T11:45:12 IST">
  <testcase classname="test.MagicDriveTestcases" name="TC_01" time="90.232"/>
  <testcase classname="test.MagicDriveTestcases" name="TC_02" time="0.526"/>
  <testcase classname="test.MagicDriveTestcases" name="TC_03" time="30.393"/>
  <testcase classname="test.MagicDriveTestcases" name="TC_04" time="30.067"/>
  <testcase classname="test.MagicDriveTestcases" name="TC_05" time="31.076"/>
  <testcase classname="test.MagicDriveTestcases" name="TC_06" time="61.082"/>
</testsuite> <!-- MagicDriveTestSuite -->
