<?xml version="1.0" encoding="UTF-8"?>
<!-- Generated by org.testng.reporters.JUnitXMLReporter -->
<testsuite ignored="5" hostname="PSDLAP385" failures="0" tests="1" name="Default test" time="34.899" errors="0" timestamp="2024-12-20T11:55:45 IST">
  <testcase classname="test.MagicDriveTestcases" name="TC_05" time="31.114"/>
  <testcase classname="test.MagicDriveTestcases" name="TC_03" time="0.0">
    <ignored/>
  </testcase> <!-- TC_03 -->
  <testcase classname="test.MagicDriveTestcases" name="TC_04" time="0.0">
    <ignored/>
  </testcase> <!-- TC_04 -->
  <testcase classname="test.MagicDriveTestcases" name="TC_01" time="0.0">
    <ignored/>
  </testcase> <!-- TC_01 -->
  <testcase classname="test.MagicDriveTestcases" name="TC_02" time="0.0">
    <ignored/>
  </testcase> <!-- TC_02 -->
  <testcase classname="test.MagicDriveTestcases" name="TC_06" time="0.0">
    <ignored/>
  </testcase> <!-- TC_06 -->
</testsuite> <!-- Default test -->
