<?xml version="1.0" encoding="UTF-8"?>
<!-- Generated by org.testng.reporters.JUnitXMLReporter -->
<testsuite ignored="0" hostname="PSDLAP385" failures="0" tests="6" name="MagicDriveTestSuite" time="265.035" errors="0" timestamp="2024-12-20T11:53:33 IST">
  <testcase classname="test.MagicDriveTestcases" name="TC_01" time="90.299"/>
  <testcase classname="test.MagicDriveTestcases" name="TC_02" time="0.66"/>
  <testcase classname="test.MagicDriveTestcases" name="TC_03" time="30.36"/>
  <testcase classname="test.MagicDriveTestcases" name="TC_04" time="30.093"/>
  <testcase classname="test.MagicDriveTestcases" name="TC_05" time="31.055"/>
  <testcase classname="test.MagicDriveTestcases" name="TC_06" time="61.099"/>
</testsuite> <!-- MagicDriveTestSuite -->
